
                  X               _temp_1     

                0.                 0.         
                5.00004E-03       44.13E-09   
               10.0001E-03        86.8417E-09 
               15.0001E-03       126.752E-09  
               20.0002E-03       162.545E-09  
               25.0002E-03       193.01E-09   
               30.0002E-03       217.063E-09  
               35.0002E-03       233.781E-09  
               40.0002E-03       242.421E-09  
               45.0002E-03       242.438E-09  
               50.0002E-03       233.5E-09    
               55.0002E-03       215.496E-09  
               60.0002E-03       188.537E-09  
               65.0002E-03       152.955E-09  
               70.0001E-03       109.295E-09  
               75.0001E-03        58.3004E-09 
               80.E-03           894.916E-12  
               84.9999E-03       -61.8396E-09 
               89.9999E-03      -128.69E-09   
               94.9998E-03      -198.342E-09  
               99.9997E-03      -269.412E-09  
              105.E-03          -340.483E-09  
              110.E-03          -410.135E-09  
              115.E-03          -476.985E-09  
              119.999E-03       -539.72E-09   
              124.999E-03       -597.125E-09  
              129.999E-03       -648.12E-09   
              134.999E-03       -691.78E-09   
              139.999E-03       -727.361E-09  
              144.999E-03       -754.32E-09   
              149.999E-03       -772.325E-09  
              154.999E-03       -781.263E-09  
              159.999E-03       -781.246E-09  
              164.999E-03       -772.606E-09  
              169.999E-03       -755.888E-09  
              174.999E-03       -731.834E-09  
              179.999E-03       -701.37E-09   
              184.999E-03       -665.576E-09  
              189.999E-03       -625.666E-09  
              194.999E-03       -582.955E-09  
              199.999E-03       -538.825E-09  
              205.E-03          -494.695E-09  
              210.E-03          -451.983E-09  
              215.E-03          -412.073E-09  
              220.E-03          -376.279E-09  
              225.E-03          -345.815E-09  
              230.E-03          -321.762E-09  
              235.E-03          -305.043E-09  
              240.E-03          -296.404E-09  
              245.E-03          -296.387E-09  
              250.E-03          -305.324E-09  
              255.E-03          -323.329E-09  
              260.E-03          -350.288E-09  
              265.E-03          -385.87E-09   
              270.E-03          -429.53E-09   
              275.E-03          -480.524E-09  
              279.999E-03       -537.93E-09   
              284.999E-03       -600.664E-09  
              289.999E-03       -667.515E-09  
              294.999E-03       -737.167E-09  
              299.999E-03       -808.237E-09  
              304.999E-03       -879.307E-09  
              309.999E-03       -948.959E-09  
              314.999E-03         -1.01581E-06
              319.999E-03         -1.07854E-06
              324.999E-03         -1.13595E-06
              329.999E-03         -1.18694E-06
              334.999E-03         -1.2306E-06 
              339.999E-03         -1.26619E-06
              344.999E-03         -1.29315E-06
              349.999E-03         -1.31115E-06
              354.999E-03         -1.32009E-06
              359.999E-03         -1.32007E-06
              364.999E-03         -1.31143E-06
              369.999E-03         -1.29471E-06
              374.999E-03         -1.27066E-06
              379.999E-03         -1.24019E-06
              384.999E-03         -1.2044E-06 
              389.999E-03         -1.16449E-06
              394.999E-03         -1.12178E-06
              399.999E-03         -1.07765E-06
              404.999E-03         -1.03352E-06
              409.999E-03       -990.808E-09  
              414.999E-03       -950.898E-09  
              419.999E-03       -915.104E-09  
              424.999E-03       -884.64E-09   
              429.999E-03       -860.586E-09  
              434.999E-03       -843.868E-09  
              439.999E-03       -835.228E-09  
              444.999E-03       -835.211E-09  
              449.999E-03       -844.149E-09  
              454.999E-03       -862.154E-09  
              459.999E-03       -889.113E-09  
              464.999E-03       -924.694E-09  
              469.999E-03       -968.354E-09  
              474.999E-03         -1.01935E-06
              479.999E-03         -1.07675E-06
              484.999E-03         -1.13949E-06
              489.999E-03         -1.20634E-06
              494.999E-03         -1.27599E-06
              499.999E-03         -1.34706E-06





                  X               _temp_1     

                0.                 0.         
                5.00004E-03       44.13E-09   
               10.0001E-03        86.8417E-09 
               15.0001E-03       126.752E-09  
               20.0002E-03       162.545E-09  
               25.0002E-03       193.01E-09   
               30.0002E-03       217.063E-09  
               35.0002E-03       233.781E-09  
               40.0002E-03       242.421E-09  
               45.0002E-03       242.438E-09  
               50.0002E-03       233.5E-09    
               55.0002E-03       215.496E-09  
               60.0002E-03       188.537E-09  
               65.0002E-03       152.955E-09  
               70.0001E-03       109.295E-09  
               75.0001E-03        58.3004E-09 
               80.E-03           894.916E-12  
               84.9999E-03       -61.8396E-09 
               89.9999E-03      -128.69E-09   
               94.9998E-03      -198.342E-09  
               99.9997E-03      -269.412E-09  
              105.E-03          -340.483E-09  
              110.E-03          -410.135E-09  
              115.E-03          -476.985E-09  
              119.999E-03       -539.72E-09   
              124.999E-03       -597.125E-09  
              129.999E-03       -648.12E-09   
              134.999E-03       -691.78E-09   
              139.999E-03       -727.361E-09  
              144.999E-03       -754.32E-09   
              149.999E-03       -772.325E-09  
              154.999E-03       -781.263E-09  
              159.999E-03       -781.246E-09  
              164.999E-03       -772.606E-09  
              169.999E-03       -755.888E-09  
              174.999E-03       -731.834E-09  
              179.999E-03       -701.37E-09   
              184.999E-03       -665.576E-09  
              189.999E-03       -625.666E-09  
              194.999E-03       -582.955E-09  
              199.999E-03       -538.825E-09  
              205.E-03          -494.695E-09  
              210.E-03          -451.983E-09  
              215.E-03          -412.073E-09  
              220.E-03          -376.279E-09  
              225.E-03          -345.815E-09  
              230.E-03          -321.762E-09  
              235.E-03          -305.043E-09  
              240.E-03          -296.404E-09  
              245.E-03          -296.387E-09  
              250.E-03          -305.324E-09  
              255.E-03          -323.329E-09  
              260.E-03          -350.288E-09  
              265.E-03          -385.87E-09   
              270.E-03          -429.53E-09   
              275.E-03          -480.524E-09  
              279.999E-03       -537.93E-09   
              284.999E-03       -600.664E-09  
              289.999E-03       -667.515E-09  
              294.999E-03       -737.167E-09  
              299.999E-03       -808.237E-09  
              304.999E-03       -879.307E-09  
              309.999E-03       -948.959E-09  
              314.999E-03         -1.01581E-06
              319.999E-03         -1.07854E-06
              324.999E-03         -1.13595E-06
              329.999E-03         -1.18694E-06
              334.999E-03         -1.2306E-06 
              339.999E-03         -1.26619E-06
              344.999E-03         -1.29315E-06
              349.999E-03         -1.31115E-06
              354.999E-03         -1.32009E-06
              359.999E-03         -1.32007E-06
              364.999E-03         -1.31143E-06
              369.999E-03         -1.29471E-06
              374.999E-03         -1.27066E-06
              379.999E-03         -1.24019E-06
              384.999E-03         -1.2044E-06 
              389.999E-03         -1.16449E-06
              394.999E-03         -1.12178E-06
              399.999E-03         -1.07765E-06
              404.999E-03         -1.03352E-06
              409.999E-03       -990.808E-09  
              414.999E-03       -950.898E-09  
              419.999E-03       -915.104E-09  
              424.999E-03       -884.64E-09   
              429.999E-03       -860.586E-09  
              434.999E-03       -843.868E-09  
              439.999E-03       -835.228E-09  
              444.999E-03       -835.211E-09  
              449.999E-03       -844.149E-09  
              454.999E-03       -862.154E-09  
              459.999E-03       -889.113E-09  
              464.999E-03       -924.694E-09  
              469.999E-03       -968.354E-09  
              474.999E-03         -1.01935E-06
              479.999E-03         -1.07675E-06
              484.999E-03         -1.13949E-06
              489.999E-03         -1.20634E-06
              494.999E-03         -1.27599E-06
              499.999E-03         -1.34706E-06




